<?xml version="1.0" encoding="UTF-8"?>
<testsuite xmlns:xsi="http://www.w3.org/2001/XMLSchema-instance" xsi:noNamespaceSchemaLocation="https://maven.apache.org/surefire/maven-surefire-plugin/xsd/surefire-test-report.xsd" name="org.example.AppTest" time="3.704" tests="3" errors="0" skipped="0" failures="0">
  <properties>
[...]
</properties>
  <testcase name="testFalse" classname="org.example.AppTest" time="0.222"/>
  <testcase name="testTrue" classname="org.example.AppTest" time="0.003"/>
  <testcase name="testRestGet" classname="org.example.AppTest" time="3.397"/>
</testsuite>